[INFO] Scanning for projects...
[INFO] ------------------------------------------------------------------------
[INFO] Detecting the operating system and CPU architecture
[INFO] ------------------------------------------------------------------------
[INFO] os.detected.name: osx
[INFO] os.detected.arch: x86_64
[INFO] os.detected.version: 10.16
[INFO] os.detected.version.major: 10
[INFO] os.detected.version.minor: 16
[INFO] os.detected.classifier: osx-x86_64
[INFO] ------------------------------------------------------------------------
[INFO] Reactor Build Order:
[INFO] 
[INFO] Apache HBase                                                       [pom]
[INFO] Apache HBase - Checkstyle                                          [jar]
[INFO] Apache HBase - Annotations                                         [jar]
[INFO] Apache HBase - Build Configuration                                 [pom]
[INFO] Apache HBase - Logging                                             [jar]
[INFO] Apache HBase - Shaded Protocol                                     [jar]
[INFO] Apache HBase - Common                                              [jar]
[INFO] Apache HBase - Metrics API                                         [jar]
[INFO] Apache HBase - Metrics Implementation                              [jar]
[INFO] Apache HBase - Hadoop Compatibility                                [jar]
[INFO] Apache HBase - Client                                              [jar]
[INFO] Apache HBase - Zookeeper                                           [jar]
[INFO] Apache HBase - Replication                                         [jar]
[INFO] Apache HBase - Balancer                                            [jar]
[INFO] Apache HBase - Resource Bundle                                     [jar]
[INFO] Apache HBase - HTTP                                                [jar]
[INFO] Apache HBase - Asynchronous FileSystem                             [jar]
[INFO] Apache HBase - Procedure                                           [jar]
[INFO] Apache HBase - Server                                              [jar]
[INFO] Apache HBase - MapReduce                                           [jar]
[INFO] Apache HBase - Testing Util                                        [jar]
[INFO] Apache HBase - Thrift                                              [jar]
[INFO] Apache HBase - Shell                                               [jar]
[INFO] Apache HBase - Coprocessor Endpoint                                [jar]
[INFO] Apache HBase - Backup                                              [jar]
[INFO] Apache HBase - Integration Tests                                   [jar]
[INFO] Apache HBase - Rest                                                [jar]
[INFO] Apache HBase - Examples                                            [jar]
[INFO] Apache HBase - Shaded                                              [pom]
[INFO] Apache HBase - Shaded - Client (with Hadoop bundled)               [jar]
[INFO] Apache HBase - Shaded - Client                                     [jar]
[INFO] Apache HBase - Shaded - MapReduce                                  [jar]
[INFO] Apache HBase - External Block Cache                                [jar]
[INFO] Apache HBase - HBTop                                               [jar]
[INFO] Apache HBase - Assembly                                            [pom]
[INFO] Apache HBase - Shaded - Testing Util                               [jar]
[INFO] Apache HBase - Shaded - Testing Util Tester                        [jar]
[INFO] Apache HBase Shaded Packaging Invariants                           [pom]
[INFO] Apache HBase Shaded Packaging Invariants (with Hadoop bundled)     [pom]
[INFO] Apache HBase - Archetypes                                          [pom]
[INFO] Apache HBase - Exemplar for hbase-client archetype                 [jar]
[INFO] Apache HBase - Exemplar for hbase-shaded-client archetype          [jar]
[INFO] Apache HBase - Archetype builder                                   [pom]
[INFO] 
[INFO] -----------------------< org.apache.hbase:hbase >-----------------------
[INFO] Building Apache HBase 3.0.0-alpha-2-SNAPSHOT                      [1/43]
[INFO] --------------------------------[ pom ]---------------------------------
[INFO] 
[INFO] --- build-helper-maven-plugin:3.0.0:bsh-property (negate-license-bundles-property) @ hbase ---
[INFO] 
[INFO] --- build-helper-maven-plugin:3.0.0:regex-property (create-license-file-path-property) @ hbase ---
[INFO] No match to regex '\\' found in '/Users/dorahorvath/Projects/apache-hbase/hbase/target/maven-shared-archive-resources/META-INF/LICENSE'. The initial value '/Users/dorahorvath/Projects/apache-hbase/hbase/target/maven-shared-archive-resources/META-INF/LICENSE' is left as-is...
[INFO] 
[INFO] --- maven-enforcer-plugin:3.0.0-M3:enforce (enforce-maven-version) @ hbase ---
[INFO] 
[INFO] --- maven-enforcer-plugin:3.0.0-M3:enforce (hadoop-profile-min-maven-min-java-banned-xerces) @ hbase ---
[INFO] 
[INFO] --- maven-enforcer-plugin:3.0.0-M3:enforce (banned-jsr305) @ hbase ---
[INFO] 
[INFO] --- maven-enforcer-plugin:3.0.0-M3:enforce (banned-scala) @ hbase ---
[INFO] 
[INFO] --- maven-enforcer-plugin:3.0.0-M3:enforce (banned-commons-logging) @ hbase ---
[INFO] 
[INFO] --- maven-enforcer-plugin:3.0.0-M3:enforce (banned-log4j) @ hbase ---
[INFO] 
[INFO] --- maven-enforcer-plugin:3.0.0-M3:enforce (banned-slf4j-log4j12) @ hbase ---
[INFO] 
[INFO] --- maven-enforcer-plugin:3.0.0-M3:enforce (banned-jetty) @ hbase ---
[INFO] 
[INFO] --- maven-enforcer-plugin:3.0.0-M3:enforce (banned-jersey) @ hbase ---
[INFO] 
[INFO] --- maven-enforcer-plugin:3.0.0-M3:enforce (banned-htrace) @ hbase ---
[INFO] 
[INFO] --- buildnumber-maven-plugin:1.4:create-timestamp (default) @ hbase ---
[INFO] 
[INFO] --- maven-enforcer-plugin:3.0.0-M3:display-info (display-info) @ hbase ---
[INFO] Maven Version: 3.8.1
[INFO] JDK Version: 1.8.0_292 normalized as: 1.8.0-292
[INFO] OS Info: Arch: x86_64 Family: mac Name: mac os x Version: 10.16
[INFO] 
[INFO] --- maven-enforcer-plugin:3.0.0-M3:enforce (banned-illegal-imports) @ hbase ---
[INFO] 
[INFO] --- maven-remote-resources-plugin:1.7.0:process (process-resource-bundles) @ hbase ---
[INFO] Preparing remote bundle org.apache:apache-jar-resource-bundle:1.4
[INFO] Copying 3 resources from 1 bundle.
[INFO] 
[INFO] --- maven-enforcer-plugin:3.0.0-M3:enforce (check-aggregate-license) @ hbase ---
[INFO] Skipping Rule Enforcement.
[INFO] 
[INFO] -----------------< org.apache.hbase:hbase-checkstyle >------------------
[INFO] Building Apache HBase - Checkstyle 3.0.0-alpha-2-SNAPSHOT         [2/43]
[INFO] --------------------------------[ jar ]---------------------------------
[INFO] 
[INFO] --- build-helper-maven-plugin:3.0.0:bsh-property (negate-license-bundles-property) @ hbase-checkstyle ---
[INFO] 
[INFO] --- build-helper-maven-plugin:3.0.0:regex-property (create-license-file-path-property) @ hbase-checkstyle ---
[INFO] No match to regex '\\' found in '/Users/dorahorvath/Projects/apache-hbase/hbase/hbase-checkstyle/target/maven-shared-archive-resources/META-INF/LICENSE'. The initial value '/Users/dorahorvath/Projects/apache-hbase/hbase/hbase-checkstyle/target/maven-shared-archive-resources/META-INF/LICENSE' is left as-is...
[INFO] 
[INFO] --- maven-enforcer-plugin:3.0.0-M3:enforce (enforce-maven-version) @ hbase-checkstyle ---
[INFO] 
[INFO] --- maven-enforcer-plugin:3.0.0-M3:enforce (hadoop-profile-min-maven-min-java-banned-xerces) @ hbase-checkstyle ---
[INFO] 
[INFO] --- maven-enforcer-plugin:3.0.0-M3:enforce (banned-jsr305) @ hbase-checkstyle ---
[INFO] 
[INFO] --- maven-enforcer-plugin:3.0.0-M3:enforce (banned-scala) @ hbase-checkstyle ---
[INFO] 
[INFO] --- maven-enforcer-plugin:3.0.0-M3:enforce (banned-commons-logging) @ hbase-checkstyle ---
[INFO] 
[INFO] --- maven-enforcer-plugin:3.0.0-M3:enforce (banned-log4j) @ hbase-checkstyle ---
[INFO] 
[INFO] --- maven-enforcer-plugin:3.0.0-M3:enforce (banned-slf4j-log4j12) @ hbase-checkstyle ---
[INFO] 
[INFO] --- maven-enforcer-plugin:3.0.0-M3:enforce (banned-jetty) @ hbase-checkstyle ---
[INFO] 
[INFO] --- maven-enforcer-plugin:3.0.0-M3:enforce (banned-jersey) @ hbase-checkstyle ---
[INFO] 
[INFO] --- maven-enforcer-plugin:3.0.0-M3:enforce (banned-htrace) @ hbase-checkstyle ---
[INFO] 
[INFO] --- buildnumber-maven-plugin:1.4:create-timestamp (default) @ hbase-checkstyle ---
[INFO] 
[INFO] --- maven-enforcer-plugin:3.0.0-M3:enforce (banned-illegal-imports) @ hbase-checkstyle ---
[INFO] 
[INFO] --- maven-remote-resources-plugin:1.7.0:process (process-resource-bundles) @ hbase-checkstyle ---
[INFO] Preparing remote bundle org.apache:apache-jar-resource-bundle:1.4
[INFO] Copying 3 resources from 1 bundle.
[INFO] 
[INFO] --- maven-resources-plugin:3.1.0:resources (default-resources) @ hbase-checkstyle ---
[INFO] Using 'UTF-8' encoding to copy filtered resources.
[INFO] Copying 2 resources
[INFO] Copying 3 resources
[INFO] 
[INFO] --- maven-enforcer-plugin:3.0.0-M3:enforce (check-aggregate-license) @ hbase-checkstyle ---
[INFO] Skipping Rule Enforcement.
[INFO] 
[INFO] --- maven-compiler-plugin:3.8.1:compile (default-compile) @ hbase-checkstyle ---
[INFO] No sources to compile
[INFO] 
[INFO] --- maven-resources-plugin:3.1.0:testResources (default-testResources) @ hbase-checkstyle ---
[INFO] Using 'UTF-8' encoding to copy filtered resources.
[INFO] skip non existing resourceDirectory /Users/dorahorvath/Projects/apache-hbase/hbase/hbase-checkstyle/src/test/resources
[INFO] Copying 3 resources
[INFO] 
[INFO] --- maven-compiler-plugin:3.8.1:testCompile (default-testCompile) @ hbase-checkstyle ---
[INFO] No sources to compile
[INFO] 
[INFO] --- maven-surefire-plugin:3.0.0-M4:test (default-test) @ hbase-checkstyle ---
[INFO] 
[INFO] --- maven-surefire-plugin:3.0.0-M4:test (secondPartTestsExecution) @ hbase-checkstyle ---
[INFO] Tests are skipped.
[INFO] 
[INFO] -----------------< org.apache.hbase:hbase-annotations >-----------------
[INFO] Building Apache HBase - Annotations 3.0.0-alpha-2-SNAPSHOT        [3/43]
[INFO] --------------------------------[ jar ]---------------------------------
[INFO] 
[INFO] --- build-helper-maven-plugin:3.0.0:bsh-property (negate-license-bundles-property) @ hbase-annotations ---
[INFO] 
[INFO] --- build-helper-maven-plugin:3.0.0:regex-property (create-license-file-path-property) @ hbase-annotations ---
[INFO] No match to regex '\\' found in '/Users/dorahorvath/Projects/apache-hbase/hbase/hbase-annotations/target/maven-shared-archive-resources/META-INF/LICENSE'. The initial value '/Users/dorahorvath/Projects/apache-hbase/hbase/hbase-annotations/target/maven-shared-archive-resources/META-INF/LICENSE' is left as-is...
[INFO] 
[INFO] --- maven-enforcer-plugin:3.0.0-M3:enforce (enforce-maven-version) @ hbase-annotations ---
[INFO] 
[INFO] --- maven-enforcer-plugin:3.0.0-M3:enforce (hadoop-profile-min-maven-min-java-banned-xerces) @ hbase-annotations ---
[INFO] 
[INFO] --- maven-enforcer-plugin:3.0.0-M3:enforce (banned-jsr305) @ hbase-annotations ---
[INFO] 
[INFO] --- maven-enforcer-plugin:3.0.0-M3:enforce (banned-scala) @ hbase-annotations ---
[INFO] 
[INFO] --- maven-enforcer-plugin:3.0.0-M3:enforce (banned-commons-logging) @ hbase-annotations ---
[INFO] 
[INFO] --- maven-enforcer-plugin:3.0.0-M3:enforce (banned-log4j) @ hbase-annotations ---
[INFO] 
[INFO] --- maven-enforcer-plugin:3.0.0-M3:enforce (banned-slf4j-log4j12) @ hbase-annotations ---
[INFO] 
[INFO] --- maven-enforcer-plugin:3.0.0-M3:enforce (banned-jetty) @ hbase-annotations ---
[INFO] 
[INFO] --- maven-enforcer-plugin:3.0.0-M3:enforce (banned-jersey) @ hbase-annotations ---
[INFO] 
[INFO] --- maven-enforcer-plugin:3.0.0-M3:enforce (banned-htrace) @ hbase-annotations ---
[INFO] 
[INFO] --- buildnumber-maven-plugin:1.4:create-timestamp (default) @ hbase-annotations ---
[INFO] 
[INFO] --- maven-enforcer-plugin:3.0.0-M3:enforce (banned-illegal-imports) @ hbase-annotations ---
[INFO] 
[INFO] --- maven-remote-resources-plugin:1.7.0:process (process-resource-bundles) @ hbase-annotations ---
[INFO] Preparing remote bundle org.apache:apache-jar-resource-bundle:1.4
[INFO] Copying 3 resources from 1 bundle.
[INFO] 
[INFO] --- maven-resources-plugin:3.1.0:resources (default-resources) @ hbase-annotations ---
[INFO] Using 'UTF-8' encoding to copy filtered resources.
[INFO] skip non existing resourceDirectory /Users/dorahorvath/Projects/apache-hbase/hbase/hbase-annotations/src/main/resources
[INFO] Copying 3 resources
[INFO] 
[INFO] --- maven-enforcer-plugin:3.0.0-M3:enforce (check-aggregate-license) @ hbase-annotations ---
[INFO] Skipping Rule Enforcement.
[INFO] 
[INFO] --- maven-compiler-plugin:3.8.1:compile (default-compile) @ hbase-annotations ---
[INFO] No sources to compile
[INFO] 
[INFO] --- maven-resources-plugin:3.1.0:testResources (default-testResources) @ hbase-annotations ---
[INFO] Using 'UTF-8' encoding to copy filtered resources.
[INFO] skip non existing resourceDirectory /Users/dorahorvath/Projects/apache-hbase/hbase/hbase-annotations/src/test/resources
[INFO] Copying 3 resources
[INFO] 
[INFO] --- maven-compiler-plugin:3.8.1:testCompile (default-testCompile) @ hbase-annotations ---
[INFO] Nothing to compile - all classes are up to date
[INFO] 
[INFO] --- warbucks-maven-plugin:1.1.0:check (run-warbucks) @ hbase-annotations ---
[INFO] Rule 0: Class Matches: 0
[INFO] Rule 0: Class Failures: 0
[INFO] Total class failures: 0
[INFO] 
[INFO] --- maven-surefire-plugin:3.0.0-M4:test (default-test) @ hbase-annotations ---
[INFO] 
[INFO] -------------------------------------------------------
[INFO]  T E S T S
[INFO] -------------------------------------------------------
[INFO] 
[INFO] Results:
[INFO] 
[INFO] Tests run: 0, Failures: 0, Errors: 0, Skipped: 0
[INFO] 
[INFO] 
[INFO] --- maven-surefire-plugin:3.0.0-M4:test (secondPartTestsExecution) @ hbase-annotations ---
[INFO] Tests are skipped.
[INFO] 
[INFO] -------------< org.apache.hbase:hbase-build-configuration >-------------
[INFO] Building Apache HBase - Build Configuration 3.0.0-alpha-2-SNAPSHOT [4/43]
[INFO] --------------------------------[ pom ]---------------------------------
[INFO] 
[INFO] --- build-helper-maven-plugin:3.0.0:bsh-property (negate-license-bundles-property) @ hbase-build-configuration ---
[INFO] 
[INFO] --- build-helper-maven-plugin:3.0.0:regex-property (create-license-file-path-property) @ hbase-build-configuration ---
[INFO] No match to regex '\\' found in '/Users/dorahorvath/Projects/apache-hbase/hbase/hbase-build-configuration/target/maven-shared-archive-resources/META-INF/LICENSE'. The initial value '/Users/dorahorvath/Projects/apache-hbase/hbase/hbase-build-configuration/target/maven-shared-archive-resources/META-INF/LICENSE' is left as-is...
[INFO] 
[INFO] --- maven-enforcer-plugin:3.0.0-M3:enforce (enforce-maven-version) @ hbase-build-configuration ---
[INFO] 
[INFO] --- maven-enforcer-plugin:3.0.0-M3:enforce (hadoop-profile-min-maven-min-java-banned-xerces) @ hbase-build-configuration ---
[INFO] 
[INFO] --- maven-enforcer-plugin:3.0.0-M3:enforce (banned-jsr305) @ hbase-build-configuration ---
[INFO] 
[INFO] --- maven-enforcer-plugin:3.0.0-M3:enforce (banned-scala) @ hbase-build-configuration ---
[INFO] 
[INFO] --- maven-enforcer-plugin:3.0.0-M3:enforce (banned-commons-logging) @ hbase-build-configuration ---
[INFO] 
[INFO] --- maven-enforcer-plugin:3.0.0-M3:enforce (banned-log4j) @ hbase-build-configuration ---
[INFO] 
[INFO] --- maven-enforcer-plugin:3.0.0-M3:enforce (banned-slf4j-log4j12) @ hbase-build-configuration ---
[INFO] 
[INFO] --- maven-enforcer-plugin:3.0.0-M3:enforce (banned-jetty) @ hbase-build-configuration ---
[INFO] 
[INFO] --- maven-enforcer-plugin:3.0.0-M3:enforce (banned-jersey) @ hbase-build-configuration ---
[INFO] 
[INFO] --- maven-enforcer-plugin:3.0.0-M3:enforce (banned-htrace) @ hbase-build-configuration ---
[INFO] 
[INFO] --- buildnumber-maven-plugin:1.4:create-timestamp (default) @ hbase-build-configuration ---
[INFO] 
[INFO] --- maven-enforcer-plugin:3.0.0-M3:enforce (banned-illegal-imports) @ hbase-build-configuration ---
[INFO] 
[INFO] --- maven-remote-resources-plugin:1.7.0:process (process-resource-bundles) @ hbase-build-configuration ---
[INFO] Preparing remote bundle org.apache:apache-jar-resource-bundle:1.4
[INFO] Copying 3 resources from 1 bundle.
[INFO] 
[INFO] --- maven-enforcer-plugin:3.0.0-M3:enforce (check-aggregate-license) @ hbase-build-configuration ---
[INFO] Skipping Rule Enforcement.
[INFO] 
[INFO] -------------------< org.apache.hbase:hbase-logging >-------------------
[INFO] Building Apache HBase - Logging 3.0.0-alpha-2-SNAPSHOT            [5/43]
[INFO] --------------------------------[ jar ]---------------------------------
[INFO] 
[INFO] --- build-helper-maven-plugin:3.0.0:bsh-property (negate-license-bundles-property) @ hbase-logging ---
[INFO] 
[INFO] --- build-helper-maven-plugin:3.0.0:regex-property (create-license-file-path-property) @ hbase-logging ---
[INFO] No match to regex '\\' found in '/Users/dorahorvath/Projects/apache-hbase/hbase/hbase-logging/target/maven-shared-archive-resources/META-INF/LICENSE'. The initial value '/Users/dorahorvath/Projects/apache-hbase/hbase/hbase-logging/target/maven-shared-archive-resources/META-INF/LICENSE' is left as-is...
[INFO] 
[INFO] --- maven-enforcer-plugin:3.0.0-M3:enforce (enforce-maven-version) @ hbase-logging ---
[INFO] 
[INFO] --- maven-enforcer-plugin:3.0.0-M3:enforce (hadoop-profile-min-maven-min-java-banned-xerces) @ hbase-logging ---
[INFO] 
[INFO] --- maven-enforcer-plugin:3.0.0-M3:enforce (banned-jsr305) @ hbase-logging ---
[INFO] 
[INFO] --- maven-enforcer-plugin:3.0.0-M3:enforce (banned-scala) @ hbase-logging ---
[INFO] 
[INFO] --- maven-enforcer-plugin:3.0.0-M3:enforce (banned-commons-logging) @ hbase-logging ---
[INFO] 
[INFO] --- maven-enforcer-plugin:3.0.0-M3:enforce (banned-log4j) @ hbase-logging ---
[INFO] 
[INFO] --- maven-enforcer-plugin:3.0.0-M3:enforce (banned-slf4j-log4j12) @ hbase-logging ---
[INFO] 
[INFO] --- maven-enforcer-plugin:3.0.0-M3:enforce (banned-jetty) @ hbase-logging ---
[INFO] 
[INFO] --- maven-enforcer-plugin:3.0.0-M3:enforce (banned-jersey) @ hbase-logging ---
[INFO] 
[INFO] --- maven-enforcer-plugin:3.0.0-M3:enforce (banned-htrace) @ hbase-logging ---
[INFO] 
[INFO] --- buildnumber-maven-plugin:1.4:create-timestamp (default) @ hbase-logging ---
[INFO] 
[INFO] --- maven-enforcer-plugin:3.0.0-M3:enforce (banned-illegal-imports) @ hbase-logging ---
[INFO] 
[INFO] --- maven-remote-resources-plugin:1.7.0:process (process-resource-bundles) @ hbase-logging ---
[INFO] Preparing remote bundle org.apache:apache-jar-resource-bundle:1.4
[INFO] Copying 3 resources from 1 bundle.
[INFO] 
[INFO] --- maven-resources-plugin:3.1.0:resources (default-resources) @ hbase-logging ---
[INFO] Using 'UTF-8' encoding to copy filtered resources.
[INFO] skip non existing resourceDirectory /Users/dorahorvath/Projects/apache-hbase/hbase/hbase-logging/src/main/resources
[INFO] Copying 3 resources
[INFO] 
[INFO] --- maven-enforcer-plugin:3.0.0-M3:enforce (check-aggregate-license) @ hbase-logging ---
[INFO] Skipping Rule Enforcement.
[INFO] 
[INFO] --- maven-compiler-plugin:3.8.1:compile (default-compile) @ hbase-logging ---
[INFO] Nothing to compile - all classes are up to date
[INFO] 
[INFO] --- maven-resources-plugin:3.1.0:testResources (default-testResources) @ hbase-logging ---
[INFO] Using 'UTF-8' encoding to copy filtered resources.
[INFO] Copying 1 resource
[INFO] Copying 3 resources
[INFO] 
[INFO] --- maven-compiler-plugin:3.8.1:testCompile (default-testCompile) @ hbase-logging ---
[INFO] Nothing to compile - all classes are up to date
[INFO] 
[INFO] --- warbucks-maven-plugin:1.1.0:check (run-warbucks) @ hbase-logging ---
[INFO] Rule 0: Class Matches: 2
[INFO] Rule 0: Class Failures: 0
[INFO] Total class failures: 0
[INFO] 
[INFO] --- maven-surefire-plugin:3.0.0-M4:test (default-test) @ hbase-logging ---
[INFO] 
[INFO] --- maven-surefire-plugin:3.0.0-M4:test (secondPartTestsExecution) @ hbase-logging ---
[INFO] Tests are skipped.
[INFO] 
[INFO] ---------------< org.apache.hbase:hbase-protocol-shaded >---------------
[INFO] Building Apache HBase - Shaded Protocol 3.0.0-alpha-2-SNAPSHOT    [6/43]
[INFO] --------------------------------[ jar ]---------------------------------
[INFO] 
[INFO] --- build-helper-maven-plugin:3.0.0:bsh-property (negate-license-bundles-property) @ hbase-protocol-shaded ---
[INFO] 
[INFO] --- build-helper-maven-plugin:3.0.0:regex-property (create-license-file-path-property) @ hbase-protocol-shaded ---
[INFO] No match to regex '\\' found in '/Users/dorahorvath/Projects/apache-hbase/hbase/hbase-protocol-shaded/target/maven-shared-archive-resources/META-INF/LICENSE'. The initial value '/Users/dorahorvath/Projects/apache-hbase/hbase/hbase-protocol-shaded/target/maven-shared-archive-resources/META-INF/LICENSE' is left as-is...
[INFO] 
[INFO] --- maven-enforcer-plugin:3.0.0-M3:enforce (enforce-maven-version) @ hbase-protocol-shaded ---
[INFO] 
[INFO] --- maven-enforcer-plugin:3.0.0-M3:enforce (hadoop-profile-min-maven-min-java-banned-xerces) @ hbase-protocol-shaded ---
[INFO] 
[INFO] --- maven-enforcer-plugin:3.0.0-M3:enforce (banned-jsr305) @ hbase-protocol-shaded ---
[INFO] 
[INFO] --- maven-enforcer-plugin:3.0.0-M3:enforce (banned-scala) @ hbase-protocol-shaded ---
[INFO] 
[INFO] --- maven-enforcer-plugin:3.0.0-M3:enforce (banned-commons-logging) @ hbase-protocol-shaded ---
[INFO] 
[INFO] --- maven-enforcer-plugin:3.0.0-M3:enforce (banned-log4j) @ hbase-protocol-shaded ---
[INFO] 
[INFO] --- maven-enforcer-plugin:3.0.0-M3:enforce (banned-slf4j-log4j12) @ hbase-protocol-shaded ---
[INFO] 
[INFO] --- maven-enforcer-plugin:3.0.0-M3:enforce (banned-jetty) @ hbase-protocol-shaded ---
[INFO] 
[INFO] --- maven-enforcer-plugin:3.0.0-M3:enforce (banned-jersey) @ hbase-protocol-shaded ---
[INFO] 
[INFO] --- maven-enforcer-plugin:3.0.0-M3:enforce (banned-htrace) @ hbase-protocol-shaded ---
[INFO] 
[INFO] --- buildnumber-maven-plugin:1.4:create-timestamp (default) @ hbase-protocol-shaded ---
[INFO] 
[INFO] --- protobuf-maven-plugin:0.6.1:compile (compile-protoc) @ hbase-protocol-shaded ---
[INFO] Skipping compilation because target directory newer than sources.
[INFO] 
[INFO] --- maven-enforcer-plugin:3.0.0-M3:enforce (banned-illegal-imports) @ hbase-protocol-shaded ---
[INFO] 
[INFO] --- replacer:1.5.3:replace (default) @ hbase-protocol-shaded ---
[INFO] Replacement run on 62 files.
[INFO] 
[INFO] --- maven-remote-resources-plugin:1.7.0:process (process-resource-bundles) @ hbase-protocol-shaded ---
[INFO] Preparing remote bundle org.apache:apache-jar-resource-bundle:1.4
[INFO] Copying 3 resources from 1 bundle.
[INFO] 
[INFO] --- maven-resources-plugin:3.1.0:resources (default-resources) @ hbase-protocol-shaded ---
[INFO] Using 'UTF-8' encoding to copy filtered resources.
[INFO] skip non existing resourceDirectory /Users/dorahorvath/Projects/apache-hbase/hbase/hbase-protocol-shaded/src/main/resources
[INFO] Copying 62 resources
[INFO] Copying 3 resources
[INFO] 
[INFO] --- maven-enforcer-plugin:3.0.0-M3:enforce (check-aggregate-license) @ hbase-protocol-shaded ---
[INFO] Skipping Rule Enforcement.
[INFO] 
[INFO] --- maven-compiler-plugin:3.8.1:compile (default-compile) @ hbase-protocol-shaded ---
[INFO] Compiling 62 source files to /Users/dorahorvath/Projects/apache-hbase/hbase/hbase-protocol-shaded/target/classes
[INFO] /Users/dorahorvath/Projects/apache-hbase/hbase/hbase-protocol-shaded/target/generated-sources/protobuf/java/org/apache/hadoop/hbase/shaded/protobuf/generated/LockServiceProtos.java: Some input files use or override a deprecated API.
[INFO] /Users/dorahorvath/Projects/apache-hbase/hbase/hbase-protocol-shaded/target/generated-sources/protobuf/java/org/apache/hadoop/hbase/shaded/protobuf/generated/LockServiceProtos.java: Recompile with -Xlint:deprecation for details.
[INFO] 
[INFO] --- maven-resources-plugin:3.1.0:testResources (default-testResources) @ hbase-protocol-shaded ---
[INFO] Using 'UTF-8' encoding to copy filtered resources.
[INFO] skip non existing resourceDirectory /Users/dorahorvath/Projects/apache-hbase/hbase/hbase-protocol-shaded/src/test/resources
[INFO] Copying 3 resources
[INFO] 
[INFO] --- maven-compiler-plugin:3.8.1:testCompile (default-testCompile) @ hbase-protocol-shaded ---
[INFO] No sources to compile
[INFO] 
[INFO] --- warbucks-maven-plugin:1.1.0:check (run-warbucks) @ hbase-protocol-shaded ---
[INFO] Rule 0: Class Matches: 1
[INFO] Rule 0: Class Failures: 0
[INFO] Total class failures: 0
[INFO] 
[INFO] --- maven-surefire-plugin:3.0.0-M4:test (default-test) @ hbase-protocol-shaded ---
[INFO] 
[INFO] --- maven-surefire-plugin:3.0.0-M4:test (secondPartTestsExecution) @ hbase-protocol-shaded ---
[INFO] Tests are skipped.
[INFO] 
[INFO] -------------------< org.apache.hbase:hbase-common >--------------------
[INFO] Building Apache HBase - Common 3.0.0-alpha-2-SNAPSHOT             [7/43]
[INFO] --------------------------------[ jar ]---------------------------------
[INFO] 
[INFO] --- build-helper-maven-plugin:3.0.0:bsh-property (negate-license-bundles-property) @ hbase-common ---
[INFO] 
[INFO] --- build-helper-maven-plugin:3.0.0:regex-property (create-license-file-path-property) @ hbase-common ---
[INFO] No match to regex '\\' found in '/Users/dorahorvath/Projects/apache-hbase/hbase/hbase-common/target/maven-shared-archive-resources/META-INF/LICENSE'. The initial value '/Users/dorahorvath/Projects/apache-hbase/hbase/hbase-common/target/maven-shared-archive-resources/META-INF/LICENSE' is left as-is...
[INFO] 
[INFO] --- maven-enforcer-plugin:3.0.0-M3:enforce (enforce-maven-version) @ hbase-common ---
[INFO] 
[INFO] --- maven-enforcer-plugin:3.0.0-M3:enforce (hadoop-profile-min-maven-min-java-banned-xerces) @ hbase-common ---
[INFO] 
[INFO] --- maven-enforcer-plugin:3.0.0-M3:enforce (banned-jsr305) @ hbase-common ---
[INFO] 
[INFO] --- maven-enforcer-plugin:3.0.0-M3:enforce (banned-scala) @ hbase-common ---
[INFO] 
[INFO] --- maven-enforcer-plugin:3.0.0-M3:enforce (banned-commons-logging) @ hbase-common ---
[INFO] 
[INFO] --- maven-enforcer-plugin:3.0.0-M3:enforce (banned-log4j) @ hbase-common ---
[INFO] 
[INFO] --- maven-enforcer-plugin:3.0.0-M3:enforce (banned-slf4j-log4j12) @ hbase-common ---
[INFO] 
[INFO] --- maven-enforcer-plugin:3.0.0-M3:enforce (banned-jetty) @ hbase-common ---
[INFO] 
[INFO] --- maven-enforcer-plugin:3.0.0-M3:enforce (banned-jersey) @ hbase-common ---
[INFO] 
[INFO] --- maven-enforcer-plugin:3.0.0-M3:enforce (banned-htrace) @ hbase-common ---
[INFO] 
[INFO] --- buildnumber-maven-plugin:1.4:create-timestamp (default) @ hbase-common ---
[INFO] 
[INFO] --- build-helper-maven-plugin:3.0.0:add-source (versionInfo-source) @ hbase-common ---
[INFO] Source directory: /Users/dorahorvath/Projects/apache-hbase/hbase/hbase-common/target/generated-sources/java added.
[INFO] 
[INFO] --- maven-antrun-plugin:1.8:run (generate-Version-information) @ hbase-common ---
[INFO] Executing tasks

main:
     [exec] ~/Projects/apache-hbase/hbase/hbase-common ~/Projects/apache-hbase/hbase/hbase-common
     [exec] ~/Projects/apache-hbase/hbase/hbase-common
[INFO] Executed tasks
[INFO] 
[INFO] --- maven-enforcer-plugin:3.0.0-M3:enforce (banned-illegal-imports) @ hbase-common ---
[INFO] 
[INFO] --- maven-remote-resources-plugin:1.7.0:process (process-resource-bundles) @ hbase-common ---
[INFO] Preparing remote bundle org.apache:apache-jar-resource-bundle:1.4
[INFO] Copying 3 resources from 1 bundle.
[INFO] 
[INFO] --- maven-resources-plugin:3.1.0:resources (default-resources) @ hbase-common ---
[INFO] Using 'UTF-8' encoding to copy filtered resources.
[INFO] Copying 1 resource
[INFO] Copying 3 resources
[INFO] 
[INFO] --- maven-enforcer-plugin:3.0.0-M3:enforce (check-aggregate-license) @ hbase-common ---
[INFO] Skipping Rule Enforcement.
[INFO] 
[INFO] --- maven-antrun-plugin:1.8:run (default) @ hbase-common ---
[INFO] Executing tasks

main:
[INFO] Executed tasks
[INFO] 
[INFO] --- maven-compiler-plugin:3.8.1:compile (default-compile) @ hbase-common ---
[INFO] Compiling 2 source files to /Users/dorahorvath/Projects/apache-hbase/hbase/hbase-common/target/classes
[INFO] 
[INFO] --- maven-dependency-plugin:3.1.1:build-classpath (create-mrapp-generated-classpath) @ hbase-common ---
[INFO] Wrote classpath file '/Users/dorahorvath/Projects/apache-hbase/hbase/hbase-common/target/test-classes/mrapp-generated-classpath'.
[INFO] 
[INFO] --- maven-resources-plugin:3.1.0:testResources (default-testResources) @ hbase-common ---
[INFO] Using 'UTF-8' encoding to copy filtered resources.
[INFO] Copying 1 resource to META-INF/
[INFO] Copying 4 resources
[INFO] Copying 3 resources
[INFO] 
[INFO] --- maven-compiler-plugin:3.8.1:testCompile (default-testCompile) @ hbase-common ---
[INFO] Nothing to compile - all classes are up to date
[INFO] 
[INFO] --- warbucks-maven-plugin:1.1.0:check (run-warbucks) @ hbase-common ---
[INFO] Rule 0: Class Matches: 264
[INFO] Rule 0: Class Failures: 0
[INFO] Total class failures: 0
[INFO] 
[INFO] --- maven-surefire-plugin:3.0.0-M4:test (default-test) @ hbase-common ---
[INFO] 
[INFO] -------------------------------------------------------
[INFO]  T E S T S
[INFO] -------------------------------------------------------
[INFO] Running org.apache.hadoop.hbase.TestTagBuilder
[INFO] Running org.apache.hadoop.hbase.TestCellComparator
[INFO] Tests run: 2, Failures: 0, Errors: 0, Skipped: 0, Time elapsed: 1.318 s - in org.apache.hadoop.hbase.TestTagBuilder
[INFO] Running org.apache.hadoop.hbase.TestByteBufferKeyValue
[INFO] Tests run: 6, Failures: 0, Errors: 0, Skipped: 0, Time elapsed: 2.058 s - in org.apache.hadoop.hbase.TestCellComparator
[INFO] Running org.apache.hadoop.hbase.types.TestUnion2
[INFO] Tests run: 4, Failures: 0, Errors: 0, Skipped: 0, Time elapsed: 1.624 s - in org.apache.hadoop.hbase.TestByteBufferKeyValue
[INFO] Tests run: 2, Failures: 0, Errors: 0, Skipped: 0, Time elapsed: 1.264 s - in org.apache.hadoop.hbase.types.TestUnion2
[INFO] Running org.apache.hadoop.hbase.types.TestOrderedString
[INFO] Running org.apache.hadoop.hbase.types.TestOrderedFloat32
[INFO] Tests run: 2, Failures: 0, Errors: 0, Skipped: 0, Time elapsed: 1.312 s - in org.apache.hadoop.hbase.types.TestOrderedString
[INFO] Running org.apache.hadoop.hbase.types.TestOrderedBlob
[INFO] Tests run: 5, Failures: 0, Errors: 0, Skipped: 0, Time elapsed: 1.879 s - in org.apache.hadoop.hbase.types.TestOrderedFloat32
[INFO] Running org.apache.hadoop.hbase.types.TestStructNullExtension
[INFO] Tests run: 3, Failures: 0, Errors: 0, Skipped: 0, Time elapsed: 1.56 s - in org.apache.hadoop.hbase.types.TestOrderedBlob
[INFO] Tests run: 2, Failures: 0, Errors: 0, Skipped: 0, Time elapsed: 1.166 s - in org.apache.hadoop.hbase.types.TestStructNullExtension
[INFO] Running org.apache.hadoop.hbase.types.TestFixedLengthWrapper
[INFO] Running org.apache.hadoop.hbase.types.TestOrderedBlobVar
[INFO] Tests run: 4, Failures: 0, Errors: 0, Skipped: 0, Time elapsed: 1.639 s - in org.apache.hadoop.hbase.types.TestFixedLengthWrapper
[INFO] Tests run: 2, Failures: 0, Errors: 0, Skipped: 0, Time elapsed: 1.29 s - in org.apache.hadoop.hbase.types.TestOrderedBlobVar
[INFO] Running org.apache.hadoop.hbase.types.TestOrderedInt16
[INFO] Running org.apache.hadoop.hbase.types.TestOrderedInt32
[INFO] Tests run: 5, Failures: 0, Errors: 0, Skipped: 0, Time elapsed: 1.773 s - in org.apache.hadoop.hbase.types.TestOrderedInt16
[INFO] Tests run: 5, Failures: 0, Errors: 0, Skipped: 0, Time elapsed: 1.609 s - in org.apache.hadoop.hbase.types.TestOrderedInt32
[INFO] Running org.apache.hadoop.hbase.types.TestTerminatedWrapper
[INFO] Running org.apache.hadoop.hbase.types.TestOrderedNumeric
[INFO] Tests run: 8, Failures: 0, Errors: 0, Skipped: 0, Time elapsed: 2.06 s - in org.apache.hadoop.hbase.types.TestTerminatedWrapper
[INFO] Tests run: 7, Failures: 0, Errors: 0, Skipped: 0, Time elapsed: 1.848 s - in org.apache.hadoop.hbase.types.TestOrderedNumeric
[INFO] Running org.apache.hadoop.hbase.types.TestStruct
[INFO] Running org.apache.hadoop.hbase.types.TestOrderedInt64
[INFO] Tests run: 2, Failures: 0, Errors: 0, Skipped: 0, Time elapsed: 1.183 s - in org.apache.hadoop.hbase.types.TestStruct
[INFO] Running org.apache.hadoop.hbase.types.TestCopyOnWriteMaps
[INFO] Tests run: 5, Failures: 0, Errors: 0, Skipped: 0, Time elapsed: 1.6 s - in org.apache.hadoop.hbase.types.TestOrderedInt64
[INFO] Running org.apache.hadoop.hbase.types.TestRawBytes
[INFO] Tests run: 6, Failures: 0, Errors: 0, Skipped: 0, Time elapsed: 1.522 s - in org.apache.hadoop.hbase.types.TestRawBytes
[INFO] Running org.apache.hadoop.hbase.types.TestRawString
[INFO] Tests run: 6, Failures: 0, Errors: 0, Skipped: 0, Time elapsed: 1.496 s - in org.apache.hadoop.hbase.types.TestRawString
[INFO] Running org.apache.hadoop.hbase.types.TestOrderedInt8
[INFO] Tests run: 5, Failures: 0, Errors: 0, Skipped: 0, Time elapsed: 1.476 s - in org.apache.hadoop.hbase.types.TestOrderedInt8
[INFO] Running org.apache.hadoop.hbase.types.TestOrderedFloat64
[INFO] Tests run: 5, Failures: 0, Errors: 0, Skipped: 0, Time elapsed: 1.561 s - in org.apache.hadoop.hbase.types.TestOrderedFloat64
[INFO] Running org.apache.hadoop.hbase.net.TestAddress
[INFO] Tests run: 1, Failures: 0, Errors: 0, Skipped: 0, Time elapsed: 0.918 s - in org.apache.hadoop.hbase.net.TestAddress
[INFO] Running org.apache.hadoop.hbase.TestHBaseClassTestRule$ExtendedParameterizedClass1
[ERROR] Tests run: 1, Failures: 0, Errors: 1, Skipped: 0, Time elapsed: 0.122 s <<< FAILURE! - in org.apache.hadoop.hbase.TestHBaseClassTestRule$ExtendedParameterizedClass1
[ERROR] org.apache.hadoop.hbase.TestHBaseClassTestRule$ExtendedParameterizedClass1  Time elapsed: 0.015 s  <<< ERROR!
java.lang.AssertionError: No HBaseClassTestRule ClassRule for org.apache.hadoop.hbase.TestHBaseClassTestRule$ExtendedParameterizedClass1
	at org.junit.Assert.fail(Assert.java:89)
	at org.apache.hadoop.hbase.HBaseClassTestRuleChecker.testStarted(HBaseClassTestRuleChecker.java:64)
	at org.junit.runner.notification.RunNotifier$5.notifyListener(RunNotifier.java:156)
	at org.junit.runner.notification.RunNotifier$SafeNotifier.run(RunNotifier.java:72)
	at org.junit.runner.notification.RunNotifier.fireTestStarted(RunNotifier.java:153)
	at org.apache.maven.surefire.common.junit4.Notifier.fireTestStarted(Notifier.java:100)
	at org.junit.internal.runners.ErrorReportingRunner.runCause(ErrorReportingRunner.java:88)
	at org.junit.internal.runners.ErrorReportingRunner.run(ErrorReportingRunner.java:49)
	at org.apache.maven.surefire.junit4.JUnit4Provider.execute(JUnit4Provider.java:365)
	at org.apache.maven.surefire.junit4.JUnit4Provider.executeWithRerun(JUnit4Provider.java:273)
	at org.apache.maven.surefire.junit4.JUnit4Provider.executeTestSet(JUnit4Provider.java:238)
	at org.apache.maven.surefire.junit4.JUnit4Provider.invoke(JUnit4Provider.java:159)
	at org.apache.maven.surefire.booter.ForkedBooter.runSuitesInProcess(ForkedBooter.java:377)
	at org.apache.maven.surefire.booter.ForkedBooter.execute(ForkedBooter.java:138)
	at org.apache.maven.surefire.booter.ForkedBooter.run(ForkedBooter.java:465)
	at org.apache.maven.surefire.booter.ForkedBooter.main(ForkedBooter.java:451)

[INFO] Running org.apache.hadoop.hbase.util.TestSimplePositionedMutableByteRange
[INFO] Tests run: 22, Failures: 0, Errors: 0, Skipped: 0, Time elapsed: 12.63 s - in org.apache.hadoop.hbase.types.TestCopyOnWriteMaps
[INFO] Running org.apache.hadoop.hbase.util.TestThreads
[INFO] Tests run: 3, Failures: 0, Errors: 0, Skipped: 0, Time elapsed: 1.218 s - in org.apache.hadoop.hbase.util.TestSimplePositionedMutableByteRange
[INFO] Running org.apache.hadoop.hbase.util.TestAvlUtil
[INFO] Tests run: 1, Failures: 0, Errors: 0, Skipped: 0, Time elapsed: 3.877 s - in org.apache.hadoop.hbase.util.TestThreads
[INFO] Running org.apache.hadoop.hbase.util.TestByteBufferArray
[INFO] Tests run: 5, Failures: 0, Errors: 0, Skipped: 0, Time elapsed: 5.58 s - in org.apache.hadoop.hbase.util.TestAvlUtil
[INFO] Tests run: 4, Failures: 0, Errors: 0, Skipped: 0, Time elapsed: 2.131 s - in org.apache.hadoop.hbase.util.TestByteBufferArray
[INFO] Running org.apache.hadoop.hbase.util.TestLoadTestKVGenerator
[INFO] Running org.apache.hadoop.hbase.util.TestByteRangeWithKVSerialization
[INFO] Tests run: 3, Failures: 0, Errors: 0, Skipped: 0, Time elapsed: 1.504 s - in org.apache.hadoop.hbase.util.TestLoadTestKVGenerator
[INFO] Tests run: 1, Failures: 0, Errors: 0, Skipped: 0, Time elapsed: 1.529 s - in org.apache.hadoop.hbase.util.TestByteRangeWithKVSerialization
[INFO] Running org.apache.hadoop.hbase.util.TestEnvironmentEdgeManager
[INFO] Running org.apache.hadoop.hbase.util.TestMovingAverage
[INFO] Tests run: 4, Failures: 0, Errors: 0, Skipped: 0, Time elapsed: 1.312 s - in org.apache.hadoop.hbase.util.TestMovingAverage
[INFO] Running org.apache.hadoop.hbase.util.TestOrder
[INFO] Tests run: 2, Failures: 0, Errors: 0, Skipped: 0, Time elapsed: 3.08 s - in org.apache.hadoop.hbase.util.TestEnvironmentEdgeManager
[INFO] Tests run: 2, Failures: 0, Errors: 0, Skipped: 0, Time elapsed: 1.002 s - in org.apache.hadoop.hbase.util.TestOrder
[INFO] Running org.apache.hadoop.hbase.util.TestSimpleMutableByteRange
[INFO] Running org.apache.hadoop.hbase.util.TestVersionInfo
[INFO] Tests run: 3, Failures: 0, Errors: 0, Skipped: 0, Time elapsed: 1.293 s - in org.apache.hadoop.hbase.util.TestSimpleMutableByteRange
[INFO] Tests run: 1, Failures: 0, Errors: 0, Skipped: 0, Time elapsed: 0.927 s - in org.apache.hadoop.hbase.util.TestVersionInfo
[INFO] Running org.apache.hadoop.hbase.util.TestSimpleKdcServerUtil
[INFO] Running org.apache.hadoop.hbase.util.AbstractHBaseToolTest
[ERROR] Tests run: 1, Failures: 1, Errors: 0, Skipped: 0, Time elapsed: 0.109 s <<< FAILURE! - in org.apache.hadoop.hbase.util.AbstractHBaseToolTest
[ERROR] org.apache.hadoop.hbase.util.AbstractHBaseToolTest  Time elapsed: 0.014 s  <<< FAILURE!
java.lang.AssertionError: No HBaseClassTestRule ClassRule for org.apache.hadoop.hbase.util.AbstractHBaseToolTest
	at org.junit.Assert.fail(Assert.java:89)
	at org.apache.hadoop.hbase.HBaseClassTestRuleChecker.testStarted(HBaseClassTestRuleChecker.java:64)
	at org.junit.runner.notification.RunNotifier$5.notifyListener(RunNotifier.java:156)
	at org.junit.runner.notification.RunNotifier$SafeNotifier.run(RunNotifier.java:72)
	at org.junit.runner.notification.RunNotifier.fireTestStarted(RunNotifier.java:153)
	at org.apache.maven.surefire.common.junit4.Notifier.fireTestStarted(Notifier.java:100)
	at org.junit.internal.runners.model.EachTestNotifier.fireTestStarted(EachTestNotifier.java:42)
	at org.junit.runners.ParentRunner.runLeaf(ParentRunner.java:364)
	at org.junit.runners.BlockJUnit4ClassRunner.runChild(BlockJUnit4ClassRunner.java:103)
	at org.junit.runners.BlockJUnit4ClassRunner.runChild(BlockJUnit4ClassRunner.java:63)
	at org.junit.runners.ParentRunner$4.run(ParentRunner.java:331)
	at org.junit.runners.ParentRunner$1.schedule(ParentRunner.java:79)
	at org.junit.runners.ParentRunner.runChildren(ParentRunner.java:329)
	at org.junit.runners.ParentRunner.access$100(ParentRunner.java:66)
	at org.junit.runners.ParentRunner$2.evaluate(ParentRunner.java:293)
	at org.junit.runners.ParentRunner$3.evaluate(ParentRunner.java:306)
	at org.junit.runners.ParentRunner.run(ParentRunner.java:413)
	at org.apache.maven.surefire.junit4.JUnit4Provider.execute(JUnit4Provider.java:365)
	at org.apache.maven.surefire.junit4.JUnit4Provider.executeWithRerun(JUnit4Provider.java:273)
	at org.apache.maven.surefire.junit4.JUnit4Provider.executeTestSet(JUnit4Provider.java:238)
	at org.apache.maven.surefire.junit4.JUnit4Provider.invoke(JUnit4Provider.java:159)
	at org.apache.maven.surefire.booter.ForkedBooter.runSuitesInProcess(ForkedBooter.java:377)
	at org.apache.maven.surefire.booter.ForkedBooter.execute(ForkedBooter.java:138)
	at org.apache.maven.surefire.booter.ForkedBooter.run(ForkedBooter.java:465)
	at org.apache.maven.surefire.booter.ForkedBooter.main(ForkedBooter.java:451)

[INFO] Running org.apache.hadoop.hbase.util.TestRetryCounter
[INFO] Tests run: 1, Failures: 0, Errors: 0, Skipped: 0, Time elapsed: 1.754 s - in org.apache.hadoop.hbase.util.TestSimpleKdcServerUtil
[INFO] Running org.apache.hadoop.hbase.util.TestCommonFSUtils
[INFO] Tests run: 6, Failures: 0, Errors: 0, Skipped: 0, Time elapsed: 2.332 s - in org.apache.hadoop.hbase.util.TestCommonFSUtils
[INFO] Running org.apache.hadoop.hbase.util.TestByteRangeUtils
[INFO] Tests run: 1, Failures: 0, Errors: 0, Skipped: 0, Time elapsed: 5.253 s - in org.apache.hadoop.hbase.util.TestRetryCounter
[INFO] Tests run: 3, Failures: 0, Errors: 0, Skipped: 0, Time elapsed: 1.064 s - in org.apache.hadoop.hbase.util.TestByteRangeUtils
[INFO] Running org.apache.hadoop.hbase.util.TestKeyLocker
[INFO] Running org.apache.hadoop.hbase.util.TestClasses
[INFO] Tests run: 1, Failures: 0, Errors: 0, Skipped: 0, Time elapsed: 1.001 s - in org.apache.hadoop.hbase.util.TestKeyLocker
[INFO] Tests run: 2, Failures: 0, Errors: 0, Skipped: 0, Time elapsed: 1.121 s - in org.apache.hadoop.hbase.util.TestClasses
[INFO] Running org.apache.hadoop.hbase.util.TestCoprocessorClassLoader
[INFO] Running org.apache.hadoop.hbase.util.TestWeakObjectPool
[INFO] Tests run: 3, Failures: 0, Errors: 0, Skipped: 0, Time elapsed: 1.377 s - in org.apache.hadoop.hbase.util.TestWeakObjectPool
[INFO] Running org.apache.hadoop.hbase.util.TestOrderedBytes
[INFO] Tests run: 4, Failures: 0, Errors: 0, Skipped: 0, Time elapsed: 5.313 s - in org.apache.hadoop.hbase.util.TestCoprocessorClassLoader
[INFO] Running org.apache.hadoop.hbase.util.TestGsonUtil
[INFO] Tests run: 20, Failures: 0, Errors: 0, Skipped: 0, Time elapsed: 4.307 s - in org.apache.hadoop.hbase.util.TestOrderedBytes
[INFO] Tests run: 1, Failures: 0, Errors: 0, Skipped: 0, Time elapsed: 0.948 s - in org.apache.hadoop.hbase.util.TestGsonUtil
[INFO] Running org.apache.hadoop.hbase.util.TestBytes
[INFO] Running org.apache.hadoop.hbase.util.TestByteBufferUtils
[INFO] Tests run: 33, Failures: 0, Errors: 0, Skipped: 0, Time elapsed: 5.938 s - in org.apache.hadoop.hbase.util.TestBytes
[INFO] Running org.apache.hadoop.hbase.util.TestShowProperties
[INFO] Tests run: 38, Failures: 0, Errors: 0, Skipped: 0, Time elapsed: 6.76 s - in org.apache.hadoop.hbase.util.TestByteBufferUtils
[INFO] Tests run: 1, Failures: 0, Errors: 0, Skipped: 0, Time elapsed: 0.869 s - in org.apache.hadoop.hbase.util.TestShowProperties
[INFO] Running org.apache.hadoop.hbase.util.TestFutureUtils
[INFO] Running org.apache.hadoop.hbase.util.TestConcatenatedLists
[INFO] Tests run: 1, Failures: 0, Errors: 0, Skipped: 0, Time elapsed: 1.007 s - in org.apache.hadoop.hbase.util.TestFutureUtils
[INFO] Running org.apache.hadoop.hbase.util.TestDynamicClassLoader
[INFO] Tests run: 6, Failures: 0, Errors: 0, Skipped: 0, Time elapsed: 1.709 s - in org.apache.hadoop.hbase.util.TestConcatenatedLists
[INFO] Running org.apache.hadoop.hbase.util.TestStrings
[INFO] Tests run: 3, Failures: 0, Errors: 0, Skipped: 0, Time elapsed: 1.189 s - in org.apache.hadoop.hbase.util.TestStrings
[INFO] Running org.apache.hadoop.hbase.util.TestJRubyFormat
[INFO] Tests run: 3, Failures: 0, Errors: 0, Skipped: 0, Time elapsed: 4.34 s - in org.apache.hadoop.hbase.util.TestDynamicClassLoader
[INFO] Tests run: 2, Failures: 0, Errors: 0, Skipped: 0, Time elapsed: 1.256 s - in org.apache.hadoop.hbase.util.TestJRubyFormat
[INFO] Running org.apache.hadoop.hbase.codec.TestCellCodec
[INFO] Running org.apache.hadoop.hbase.codec.TestKeyValueCodec
[INFO] Tests run: 3, Failures: 0, Errors: 0, Skipped: 0, Time elapsed: 1.507 s - in org.apache.hadoop.hbase.codec.TestCellCodec
[INFO] Tests run: 3, Failures: 0, Errors: 0, Skipped: 0, Time elapsed: 1.371 s - in org.apache.hadoop.hbase.codec.TestKeyValueCodec
[INFO] Running org.apache.hadoop.hbase.codec.TestKeyValueCodecWithTags
[INFO] Running org.apache.hadoop.hbase.codec.TestCellCodecWithTags
[INFO] Tests run: 1, Failures: 0, Errors: 0, Skipped: 0, Time elapsed: 1.083 s - in org.apache.hadoop.hbase.codec.TestKeyValueCodecWithTags
[INFO] Running org.apache.hadoop.hbase.TestTableName
[INFO] Tests run: 1, Failures: 0, Errors: 0, Skipped: 0, Time elapsed: 1.086 s - in org.apache.hadoop.hbase.codec.TestCellCodecWithTags
[INFO] Running org.apache.hadoop.hbase.TestIndividualBytesFieldCell
[INFO] Tests run: 6, Failures: 0, Errors: 0, Skipped: 0, Time elapsed: 1.731 s - in org.apache.hadoop.hbase.TestTableName
[INFO] Running org.apache.hadoop.hbase.io.TestTagCompressionContext
[INFO] Tests run: 12, Failures: 0, Errors: 0, Skipped: 0, Time elapsed: 2.568 s - in org.apache.hadoop.hbase.TestIndividualBytesFieldCell
[INFO] Tests run: 4, Failures: 0, Errors: 0, Skipped: 0, Time elapsed: 1.629 s - in org.apache.hadoop.hbase.io.TestTagCompressionContext
[INFO] Running org.apache.hadoop.hbase.io.crypto.TestKeyStoreKeyProvider
[INFO] Running org.apache.hadoop.hbase.io.crypto.TestCipherProvider
[INFO] Tests run: 2, Failures: 0, Errors: 0, Skipped: 0, Time elapsed: 1.375 s - in org.apache.hadoop.hbase.io.crypto.TestCipherProvider
[INFO] Tests run: 2, Failures: 0, Errors: 0, Skipped: 0, Time elapsed: 2.185 s - in org.apache.hadoop.hbase.io.crypto.TestKeyStoreKeyProvider
[INFO] Running org.apache.hadoop.hbase.io.crypto.TestKeyProvider
[INFO] Running org.apache.hadoop.hbase.io.crypto.TestEncryption
[INFO] Tests run: 1, Failures: 0, Errors: 0, Skipped: 0, Time elapsed: 1.353 s - in org.apache.hadoop.hbase.io.crypto.TestKeyProvider
[INFO] Running org.apache.hadoop.hbase.io.crypto.aes.TestCommonsAES
[INFO] Tests run: 4, Failures: 0, Errors: 0, Skipped: 0, Time elapsed: 2.142 s - in org.apache.hadoop.hbase.io.crypto.TestEncryption
[INFO] Running org.apache.hadoop.hbase.io.crypto.aes.TestAES
[INFO] Tests run: 2, Failures: 0, Errors: 0, Skipped: 0, Time elapsed: 1.49 s - in org.apache.hadoop.hbase.io.crypto.aes.TestCommonsAES
[INFO] Running org.apache.hadoop.hbase.io.util.TestLRUDictionary
[INFO] Tests run: 2, Failures: 0, Errors: 0, Skipped: 0, Time elapsed: 1.525 s - in org.apache.hadoop.hbase.io.crypto.aes.TestAES
[INFO] Running org.apache.hadoop.hbase.io.TestMultiByteBuffInputStream
[INFO] Tests run: 5, Failures: 0, Errors: 0, Skipped: 0, Time elapsed: 1.724 s - in org.apache.hadoop.hbase.io.util.TestLRUDictionary
[INFO] Running org.apache.hadoop.hbase.io.encoding.TestEncodedDataBlock
[INFO] Tests run: 1, Failures: 0, Errors: 0, Skipped: 0, Time elapsed: 1.313 s - in org.apache.hadoop.hbase.io.TestMultiByteBuffInputStream
[INFO] Running org.apache.hadoop.hbase.io.hadoopbackport.TestThrottledInputStream
[INFO] Tests run: 1, Failures: 0, Errors: 0, Skipped: 0, Time elapsed: 0.866 s - in org.apache.hadoop.hbase.io.hadoopbackport.TestThrottledInputStream
[INFO] Running org.apache.hadoop.hbase.io.TestByteBufferListOutputStream
[INFO] Tests run: 1, Failures: 0, Errors: 0, Skipped: 0, Time elapsed: 3.274 s - in org.apache.hadoop.hbase.io.encoding.TestEncodedDataBlock
[INFO] Tests run: 1, Failures: 0, Errors: 0, Skipped: 0, Time elapsed: 1.143 s - in org.apache.hadoop.hbase.io.TestByteBufferListOutputStream
[INFO] Running org.apache.hadoop.hbase.io.TestByteBuffAllocator
[INFO] Running org.apache.hadoop.hbase.TestServerName
[INFO] Tests run: 8, Failures: 0, Errors: 0, Skipped: 0, Time elapsed: 2.168 s - in org.apache.hadoop.hbase.TestServerName
[INFO] Tests run: 8, Failures: 0, Errors: 0, Skipped: 0, Time elapsed: 2.603 s - in org.apache.hadoop.hbase.io.TestByteBuffAllocator
[INFO] Running org.apache.hadoop.hbase.TestChoreService
[INFO] Running org.apache.hadoop.hbase.TestHDFSBlocksDistribution
[INFO] Tests run: 3, Failures: 0, Errors: 0, Skipped: 0, Time elapsed: 31.232 s - in org.apache.hadoop.hbase.TestHDFSBlocksDistribution
[INFO] Running org.apache.hadoop.hbase.TestHBaseClassTestRule$ExtendedParameterizedClass2
[ERROR] Tests run: 1, Failures: 0, Errors: 1, Skipped: 0, Time elapsed: 0.086 s <<< FAILURE! - in org.apache.hadoop.hbase.TestHBaseClassTestRule$ExtendedParameterizedClass2
[ERROR] org.apache.hadoop.hbase.TestHBaseClassTestRule$ExtendedParameterizedClass2  Time elapsed: 0.011 s  <<< ERROR!
java.lang.AssertionError: No HBaseClassTestRule ClassRule for org.apache.hadoop.hbase.TestHBaseClassTestRule$ExtendedParameterizedClass2
	at org.junit.Assert.fail(Assert.java:89)
	at org.apache.hadoop.hbase.HBaseClassTestRuleChecker.testStarted(HBaseClassTestRuleChecker.java:64)
	at org.junit.runner.notification.RunNotifier$5.notifyListener(RunNotifier.java:156)
	at org.junit.runner.notification.RunNotifier$SafeNotifier.run(RunNotifier.java:72)
	at org.junit.runner.notification.RunNotifier.fireTestStarted(RunNotifier.java:153)
	at org.apache.maven.surefire.common.junit4.Notifier.fireTestStarted(Notifier.java:100)
	at org.junit.internal.runners.ErrorReportingRunner.runCause(ErrorReportingRunner.java:88)
	at org.junit.internal.runners.ErrorReportingRunner.run(ErrorReportingRunner.java:49)
	at org.apache.maven.surefire.junit4.JUnit4Provider.execute(JUnit4Provider.java:365)
	at org.apache.maven.surefire.junit4.JUnit4Provider.executeWithRerun(JUnit4Provider.java:273)
	at org.apache.maven.surefire.junit4.JUnit4Provider.executeTestSet(JUnit4Provider.java:238)
	at org.apache.maven.surefire.junit4.JUnit4Provider.invoke(JUnit4Provider.java:159)
	at org.apache.maven.surefire.booter.ForkedBooter.runSuitesInProcess(ForkedBooter.java:377)
	at org.apache.maven.surefire.booter.ForkedBooter.execute(ForkedBooter.java:138)
	at org.apache.maven.surefire.booter.ForkedBooter.run(ForkedBooter.java:465)
	at org.apache.maven.surefire.booter.ForkedBooter.main(ForkedBooter.java:451)

[INFO] Running org.apache.hadoop.hbase.TestCellUtil
[INFO] Tests run: 19, Failures: 0, Errors: 0, Skipped: 0, Time elapsed: 35.639 s - in org.apache.hadoop.hbase.TestChoreService
[INFO] Running org.apache.hadoop.hbase.TestHBaseClassTestRule$InValidParameterizedClass
[ERROR] Tests run: 1, Failures: 0, Errors: 1, Skipped: 0, Time elapsed: 0.077 s <<< FAILURE! - in org.apache.hadoop.hbase.TestHBaseClassTestRule$InValidParameterizedClass
[ERROR] org.apache.hadoop.hbase.TestHBaseClassTestRule$InValidParameterizedClass  Time elapsed: 0.009 s  <<< ERROR!
java.lang.AssertionError: No HBaseClassTestRule ClassRule for org.apache.hadoop.hbase.TestHBaseClassTestRule$InValidParameterizedClass
	at org.junit.Assert.fail(Assert.java:89)
	at org.apache.hadoop.hbase.HBaseClassTestRuleChecker.testStarted(HBaseClassTestRuleChecker.java:64)
	at org.junit.runner.notification.RunNotifier$5.notifyListener(RunNotifier.java:156)
	at org.junit.runner.notification.RunNotifier$SafeNotifier.run(RunNotifier.java:72)
	at org.junit.runner.notification.RunNotifier.fireTestStarted(RunNotifier.java:153)
	at org.apache.maven.surefire.common.junit4.Notifier.fireTestStarted(Notifier.java:100)
	at org.junit.internal.runners.ErrorReportingRunner.runCause(ErrorReportingRunner.java:88)
	at org.junit.internal.runners.ErrorReportingRunner.run(ErrorReportingRunner.java:49)
	at org.apache.maven.surefire.junit4.JUnit4Provider.execute(JUnit4Provider.java:365)
	at org.apache.maven.surefire.junit4.JUnit4Provider.executeWithRerun(JUnit4Provider.java:273)
	at org.apache.maven.surefire.junit4.JUnit4Provider.executeTestSet(JUnit4Provider.java:238)
	at org.apache.maven.surefire.junit4.JUnit4Provider.invoke(JUnit4Provider.java:159)
	at org.apache.maven.surefire.booter.ForkedBooter.runSuitesInProcess(ForkedBooter.java:377)
	at org.apache.maven.surefire.booter.ForkedBooter.execute(ForkedBooter.java:138)
	at org.apache.maven.surefire.booter.ForkedBooter.run(ForkedBooter.java:465)
	at org.apache.maven.surefire.booter.ForkedBooter.main(ForkedBooter.java:451)

[INFO] Tests run: 10, Failures: 0, Errors: 0, Skipped: 0, Time elapsed: 3.744 s - in org.apache.hadoop.hbase.TestCellUtil
[INFO] Running org.apache.hadoop.hbase.zookeeper.TestZKConfig
[INFO] Running org.apache.hadoop.hbase.TestHBaseClassTestRule$ValidParameterizedClass4
[ERROR] Tests run: 1, Failures: 0, Errors: 1, Skipped: 0, Time elapsed: 0.11 s <<< FAILURE! - in org.apache.hadoop.hbase.TestHBaseClassTestRule$ValidParameterizedClass4
[ERROR] org.apache.hadoop.hbase.TestHBaseClassTestRule$ValidParameterizedClass4  Time elapsed: 0.01 s  <<< ERROR!
java.lang.AssertionError: No HBaseClassTestRule ClassRule for org.apache.hadoop.hbase.TestHBaseClassTestRule$ValidParameterizedClass4
	at org.junit.Assert.fail(Assert.java:89)
	at org.apache.hadoop.hbase.HBaseClassTestRuleChecker.testStarted(HBaseClassTestRuleChecker.java:64)
	at org.junit.runner.notification.RunNotifier$5.notifyListener(RunNotifier.java:156)
	at org.junit.runner.notification.RunNotifier$SafeNotifier.run(RunNotifier.java:72)
	at org.junit.runner.notification.RunNotifier.fireTestStarted(RunNotifier.java:153)
	at org.apache.maven.surefire.common.junit4.Notifier.fireTestStarted(Notifier.java:100)
	at org.junit.internal.runners.ErrorReportingRunner.runCause(ErrorReportingRunner.java:88)
	at org.junit.internal.runners.ErrorReportingRunner.run(ErrorReportingRunner.java:49)
	at org.apache.maven.surefire.junit4.JUnit4Provider.execute(JUnit4Provider.java:365)
	at org.apache.maven.surefire.junit4.JUnit4Provider.executeWithRerun(JUnit4Provider.java:273)
	at org.apache.maven.surefire.junit4.JUnit4Provider.executeTestSet(JUnit4Provider.java:238)
	at org.apache.maven.surefire.junit4.JUnit4Provider.invoke(JUnit4Provider.java:159)
	at org.apache.maven.surefire.booter.ForkedBooter.runSuitesInProcess(ForkedBooter.java:377)
	at org.apache.maven.surefire.booter.ForkedBooter.execute(ForkedBooter.java:138)
	at org.apache.maven.surefire.booter.ForkedBooter.run(ForkedBooter.java:465)
	at org.apache.maven.surefire.booter.ForkedBooter.main(ForkedBooter.java:451)

[INFO] Running org.apache.hadoop.hbase.TestSystemExitInTest
[INFO] Tests run: 4, Failures: 0, Errors: 0, Skipped: 0, Time elapsed: 1.884 s - in org.apache.hadoop.hbase.zookeeper.TestZKConfig
[INFO] Tests run: 1, Failures: 0, Errors: 0, Skipped: 0, Time elapsed: 0.845 s - in org.apache.hadoop.hbase.TestSystemExitInTest
[INFO] Running org.apache.hadoop.hbase.TestHBaseConfiguration
[INFO] Running org.apache.hadoop.hbase.TestHBaseClassTestRule$ValidParameterizedClass2
[ERROR] Tests run: 1, Failures: 0, Errors: 1, Skipped: 0, Time elapsed: 0.118 s <<< FAILURE! - in org.apache.hadoop.hbase.TestHBaseClassTestRule$ValidParameterizedClass2
[ERROR] org.apache.hadoop.hbase.TestHBaseClassTestRule$ValidParameterizedClass2  Time elapsed: 0.012 s  <<< ERROR!
java.lang.AssertionError: No HBaseClassTestRule ClassRule for org.apache.hadoop.hbase.TestHBaseClassTestRule$ValidParameterizedClass2
	at org.junit.Assert.fail(Assert.java:89)
	at org.apache.hadoop.hbase.HBaseClassTestRuleChecker.testStarted(HBaseClassTestRuleChecker.java:64)
	at org.junit.runner.notification.RunNotifier$5.notifyListener(RunNotifier.java:156)
	at org.junit.runner.notification.RunNotifier$SafeNotifier.run(RunNotifier.java:72)
	at org.junit.runner.notification.RunNotifier.fireTestStarted(RunNotifier.java:153)
	at org.apache.maven.surefire.common.junit4.Notifier.fireTestStarted(Notifier.java:100)
	at org.junit.internal.runners.ErrorReportingRunner.runCause(ErrorReportingRunner.java:88)
	at org.junit.internal.runners.ErrorReportingRunner.run(ErrorReportingRunner.java:49)
	at org.apache.maven.surefire.junit4.JUnit4Provider.execute(JUnit4Provider.java:365)
	at org.apache.maven.surefire.junit4.JUnit4Provider.executeWithRerun(JUnit4Provider.java:273)
	at org.apache.maven.surefire.junit4.JUnit4Provider.executeTestSet(JUnit4Provider.java:238)
	at org.apache.maven.surefire.junit4.JUnit4Provider.invoke(JUnit4Provider.java:159)
	at org.apache.maven.surefire.booter.ForkedBooter.runSuitesInProcess(ForkedBooter.java:377)
	at org.apache.maven.surefire.booter.ForkedBooter.execute(ForkedBooter.java:138)
	at org.apache.maven.surefire.booter.ForkedBooter.run(ForkedBooter.java:465)
	at org.apache.maven.surefire.booter.ForkedBooter.main(ForkedBooter.java:451)

[INFO] Running org.apache.hadoop.hbase.TestHBaseClassTestRule$ParameterizedClassWithNoParametersMethod
[ERROR] Tests run: 1, Failures: 0, Errors: 1, Skipped: 0, Time elapsed: 0.081 s <<< FAILURE! - in org.apache.hadoop.hbase.TestHBaseClassTestRule$ParameterizedClassWithNoParametersMethod
[ERROR] org.apache.hadoop.hbase.TestHBaseClassTestRule$ParameterizedClassWithNoParametersMethod  Time elapsed: 0.011 s  <<< ERROR!
java.lang.AssertionError: No HBaseClassTestRule ClassRule for org.apache.hadoop.hbase.TestHBaseClassTestRule$ParameterizedClassWithNoParametersMethod
	at org.junit.Assert.fail(Assert.java:89)
	at org.apache.hadoop.hbase.HBaseClassTestRuleChecker.testStarted(HBaseClassTestRuleChecker.java:64)
	at org.junit.runner.notification.RunNotifier$5.notifyListener(RunNotifier.java:156)
	at org.junit.runner.notification.RunNotifier$SafeNotifier.run(RunNotifier.java:72)
	at org.junit.runner.notification.RunNotifier.fireTestStarted(RunNotifier.java:153)
	at org.apache.maven.surefire.common.junit4.Notifier.fireTestStarted(Notifier.java:100)
	at org.junit.internal.runners.ErrorReportingRunner.runCause(ErrorReportingRunner.java:88)
	at org.junit.internal.runners.ErrorReportingRunner.run(ErrorReportingRunner.java:49)
	at org.apache.maven.surefire.junit4.JUnit4Provider.execute(JUnit4Provider.java:365)
	at org.apache.maven.surefire.junit4.JUnit4Provider.executeWithRerun(JUnit4Provider.java:273)
	at org.apache.maven.surefire.junit4.JUnit4Provider.executeTestSet(JUnit4Provider.java:238)
	at org.apache.maven.surefire.junit4.JUnit4Provider.invoke(JUnit4Provider.java:159)
	at org.apache.maven.surefire.booter.ForkedBooter.runSuitesInProcess(ForkedBooter.java:377)
	at org.apache.maven.surefire.booter.ForkedBooter.execute(ForkedBooter.java:138)
	at org.apache.maven.surefire.booter.ForkedBooter.run(ForkedBooter.java:465)
	at org.apache.maven.surefire.booter.ForkedBooter.main(ForkedBooter.java:451)

[INFO] Running org.apache.hadoop.hbase.nio.TestSingleByteBuff
[INFO] Tests run: 1, Failures: 0, Errors: 0, Skipped: 0, Time elapsed: 1.296 s - in org.apache.hadoop.hbase.nio.TestSingleByteBuff
[INFO] Tests run: 5, Failures: 0, Errors: 0, Skipped: 0, Time elapsed: 3.469 s - in org.apache.hadoop.hbase.TestHBaseConfiguration
[INFO] Running org.apache.hadoop.hbase.nio.TestMultiByteBuff
[INFO] Running org.apache.hadoop.hbase.TestCompoundConfiguration
[INFO] Tests run: 6, Failures: 0, Errors: 0, Skipped: 0, Time elapsed: 1.965 s - in org.apache.hadoop.hbase.TestCompoundConfiguration
[INFO] Running org.apache.hadoop.hbase.TestKeyValue
[INFO] Tests run: 17, Failures: 0, Errors: 0, Skipped: 0, Time elapsed: 3.663 s - in org.apache.hadoop.hbase.nio.TestMultiByteBuff
[INFO] Running org.apache.hadoop.hbase.TestCellBuilder
[INFO] Tests run: 4, Failures: 0, Errors: 0, Skipped: 0, Time elapsed: 1.373 s - in org.apache.hadoop.hbase.TestCellBuilder
[INFO] Running org.apache.hadoop.hbase.conf.TestConfigurationManager
[INFO] Tests run: 20, Failures: 0, Errors: 0, Skipped: 0, Time elapsed: 3.853 s - in org.apache.hadoop.hbase.TestKeyValue
[INFO] Tests run: 2, Failures: 0, Errors: 0, Skipped: 0, Time elapsed: 1.16 s - in org.apache.hadoop.hbase.conf.TestConfigurationManager
[INFO] Running org.apache.hadoop.hbase.logging.TestLog4jUtils
[INFO] Running org.apache.hadoop.hbase.logging.TestJul2Slf4j
[INFO] Tests run: 2, Failures: 0, Errors: 0, Skipped: 0, Time elapsed: 1.101 s - in org.apache.hadoop.hbase.logging.TestLog4jUtils
[INFO] Running org.apache.hadoop.hbase.TestHBaseClassTestRule$ValidParameterizedClass1
[ERROR] Tests run: 1, Failures: 0, Errors: 1, Skipped: 0, Time elapsed: 0.096 s <<< FAILURE! - in org.apache.hadoop.hbase.TestHBaseClassTestRule$ValidParameterizedClass1
[ERROR] org.apache.hadoop.hbase.TestHBaseClassTestRule$ValidParameterizedClass1  Time elapsed: 0.009 s  <<< ERROR!
java.lang.AssertionError: No HBaseClassTestRule ClassRule for org.apache.hadoop.hbase.TestHBaseClassTestRule$ValidParameterizedClass1
	at org.junit.Assert.fail(Assert.java:89)
	at org.apache.hadoop.hbase.HBaseClassTestRuleChecker.testStarted(HBaseClassTestRuleChecker.java:64)
	at org.junit.runner.notification.RunNotifier$5.notifyListener(RunNotifier.java:156)
	at org.junit.runner.notification.RunNotifier$SafeNotifier.run(RunNotifier.java:72)
	at org.junit.runner.notification.RunNotifier.fireTestStarted(RunNotifier.java:153)
	at org.apache.maven.surefire.common.junit4.Notifier.fireTestStarted(Notifier.java:100)
	at org.junit.internal.runners.ErrorReportingRunner.runCause(ErrorReportingRunner.java:88)
	at org.junit.internal.runners.ErrorReportingRunner.run(ErrorReportingRunner.java:49)
	at org.apache.maven.surefire.junit4.JUnit4Provider.execute(JUnit4Provider.java:365)
	at org.apache.maven.surefire.junit4.JUnit4Provider.executeWithRerun(JUnit4Provider.java:273)
	at org.apache.maven.surefire.junit4.JUnit4Provider.executeTestSet(JUnit4Provider.java:238)
	at org.apache.maven.surefire.junit4.JUnit4Provider.invoke(JUnit4Provider.java:159)
	at org.apache.maven.surefire.booter.ForkedBooter.runSuitesInProcess(ForkedBooter.java:377)
	at org.apache.maven.surefire.booter.ForkedBooter.execute(ForkedBooter.java:138)
	at org.apache.maven.surefire.booter.ForkedBooter.run(ForkedBooter.java:465)
	at org.apache.maven.surefire.booter.ForkedBooter.main(ForkedBooter.java:451)

[INFO] Running org.apache.hadoop.hbase.TestHBaseClassTestRule
[INFO] Tests run: 1, Failures: 0, Errors: 0, Skipped: 0, Time elapsed: 0.833 s - in org.apache.hadoop.hbase.TestHBaseClassTestRule
[INFO] Tests run: 1, Failures: 0, Errors: 0, Skipped: 0, Time elapsed: 2.865 s - in org.apache.hadoop.hbase.logging.TestJul2Slf4j
[INFO] Running org.apache.hadoop.hbase.TestTagUtil
[INFO] Running org.apache.hadoop.hbase.TestHBaseClassTestRule$ValidParameterizedClass3
[ERROR] Tests run: 1, Failures: 0, Errors: 1, Skipped: 0, Time elapsed: 0.099 s <<< FAILURE! - in org.apache.hadoop.hbase.TestHBaseClassTestRule$ValidParameterizedClass3
[ERROR] org.apache.hadoop.hbase.TestHBaseClassTestRule$ValidParameterizedClass3  Time elapsed: 0.009 s  <<< ERROR!
java.lang.AssertionError: No HBaseClassTestRule ClassRule for org.apache.hadoop.hbase.TestHBaseClassTestRule$ValidParameterizedClass3
	at org.junit.Assert.fail(Assert.java:89)
	at org.apache.hadoop.hbase.HBaseClassTestRuleChecker.testStarted(HBaseClassTestRuleChecker.java:64)
	at org.junit.runner.notification.RunNotifier$5.notifyListener(RunNotifier.java:156)
	at org.junit.runner.notification.RunNotifier$SafeNotifier.run(RunNotifier.java:72)
	at org.junit.runner.notification.RunNotifier.fireTestStarted(RunNotifier.java:153)
	at org.apache.maven.surefire.common.junit4.Notifier.fireTestStarted(Notifier.java:100)
	at org.junit.internal.runners.ErrorReportingRunner.runCause(ErrorReportingRunner.java:88)
	at org.junit.internal.runners.ErrorReportingRunner.run(ErrorReportingRunner.java:49)
	at org.apache.maven.surefire.junit4.JUnit4Provider.execute(JUnit4Provider.java:365)
	at org.apache.maven.surefire.junit4.JUnit4Provider.executeWithRerun(JUnit4Provider.java:273)
	at org.apache.maven.surefire.junit4.JUnit4Provider.executeTestSet(JUnit4Provider.java:238)
	at org.apache.maven.surefire.junit4.JUnit4Provider.invoke(JUnit4Provider.java:159)
	at org.apache.maven.surefire.booter.ForkedBooter.runSuitesInProcess(ForkedBooter.java:377)
	at org.apache.maven.surefire.booter.ForkedBooter.execute(ForkedBooter.java:138)
	at org.apache.maven.surefire.booter.ForkedBooter.run(ForkedBooter.java:465)
	at org.apache.maven.surefire.booter.ForkedBooter.main(ForkedBooter.java:451)

[INFO] Tests run: 1, Failures: 0, Errors: 0, Skipped: 0, Time elapsed: 0.947 s - in org.apache.hadoop.hbase.TestTagUtil
[INFO] Running org.apache.hadoop.hbase.TestTimeout
[INFO] Running org.apache.hadoop.hbase.TestClassFinder
[WARNING] Tests run: 2, Failures: 0, Errors: 0, Skipped: 1, Time elapsed: 1.081 s - in org.apache.hadoop.hbase.TestTimeout
[INFO] Tests run: 11, Failures: 0, Errors: 0, Skipped: 0, Time elapsed: 6.113 s - in org.apache.hadoop.hbase.TestClassFinder
[INFO] 
[INFO] Results:
[INFO] 
[ERROR] Failures: 
[ERROR]   AbstractHBaseToolTest No HBaseClassTestRule ClassRule for org.apache.hadoop.hbase.util.AbstractHBaseToolTest
[ERROR] Errors: 
[ERROR]   TestHBaseClassTestRule$ExtendedParameterizedClass1 No HBaseClassTestRule ClassRule for org.apache.hadoop.hbase.TestHBaseClassTestRule$ExtendedParameterizedClass1
[ERROR]   TestHBaseClassTestRule$ExtendedParameterizedClass2 No HBaseClassTestRule ClassRule for org.apache.hadoop.hbase.TestHBaseClassTestRule$ExtendedParameterizedClass2
[ERROR]   TestHBaseClassTestRule$InValidParameterizedClass No HBaseClassTestRule ClassRule for org.apache.hadoop.hbase.TestHBaseClassTestRule$InValidParameterizedClass
[ERROR]   TestHBaseClassTestRule$ParameterizedClassWithNoParametersMethod No HBaseClassTestRule ClassRule for org.apache.hadoop.hbase.TestHBaseClassTestRule$ParameterizedClassWithNoParametersMethod
[ERROR]   TestHBaseClassTestRule$ValidParameterizedClass1 No HBaseClassTestRule ClassRule for org.apache.hadoop.hbase.TestHBaseClassTestRule$ValidParameterizedClass1
[ERROR]   TestHBaseClassTestRule$ValidParameterizedClass2 No HBaseClassTestRule ClassRule for org.apache.hadoop.hbase.TestHBaseClassTestRule$ValidParameterizedClass2
[ERROR]   TestHBaseClassTestRule$ValidParameterizedClass3 No HBaseClassTestRule ClassRule for org.apache.hadoop.hbase.TestHBaseClassTestRule$ValidParameterizedClass3
[ERROR]   TestHBaseClassTestRule$ValidParameterizedClass4 No HBaseClassTestRule ClassRule for org.apache.hadoop.hbase.TestHBaseClassTestRule$ValidParameterizedClass4
[INFO] 
[ERROR] Tests run: 454, Failures: 1, Errors: 8, Skipped: 1
[INFO] 
[INFO] ------------------------------------------------------------------------
[INFO] Reactor Summary for Apache HBase 3.0.0-alpha-2-SNAPSHOT:
[INFO] 
[INFO] Apache HBase ....................................... SUCCESS [  1.527 s]
[INFO] Apache HBase - Checkstyle .......................... SUCCESS [  0.542 s]
[INFO] Apache HBase - Annotations ......................... SUCCESS [  0.663 s]
[INFO] Apache HBase - Build Configuration ................. SUCCESS [  0.093 s]
[INFO] Apache HBase - Logging ............................. SUCCESS [  0.391 s]
[INFO] Apache HBase - Shaded Protocol ..................... SUCCESS [ 27.182 s]
[INFO] Apache HBase - Common .............................. FAILURE [02:50 min]
[INFO] Apache HBase - Metrics API ......................... SKIPPED
[INFO] Apache HBase - Metrics Implementation .............. SKIPPED
[INFO] Apache HBase - Hadoop Compatibility ................ SKIPPED
[INFO] Apache HBase - Client .............................. SKIPPED
[INFO] Apache HBase - Zookeeper ........................... SKIPPED
[INFO] Apache HBase - Replication ......................... SKIPPED
[INFO] Apache HBase - Balancer ............................ SKIPPED
[INFO] Apache HBase - Resource Bundle ..................... SKIPPED
[INFO] Apache HBase - HTTP ................................ SKIPPED
[INFO] Apache HBase - Asynchronous FileSystem ............. SKIPPED
[INFO] Apache HBase - Procedure ........................... SKIPPED
[INFO] Apache HBase - Server .............................. SKIPPED
[INFO] Apache HBase - MapReduce ........................... SKIPPED
[INFO] Apache HBase - Testing Util ........................ SKIPPED
[INFO] Apache HBase - Thrift .............................. SKIPPED
[INFO] Apache HBase - Shell ............................... SKIPPED
[INFO] Apache HBase - Coprocessor Endpoint ................ SKIPPED
[INFO] Apache HBase - Backup .............................. SKIPPED
[INFO] Apache HBase - Integration Tests ................... SKIPPED
[INFO] Apache HBase - Rest ................................ SKIPPED
[INFO] Apache HBase - Examples ............................ SKIPPED
[INFO] Apache HBase - Shaded .............................. SKIPPED
[INFO] Apache HBase - Shaded - Client (with Hadoop bundled) SKIPPED
[INFO] Apache HBase - Shaded - Client ..................... SKIPPED
[INFO] Apache HBase - Shaded - MapReduce .................. SKIPPED
[INFO] Apache HBase - External Block Cache ................ SKIPPED
[INFO] Apache HBase - HBTop ............................... SKIPPED
[INFO] Apache HBase - Assembly ............................ SKIPPED
[INFO] Apache HBase - Shaded - Testing Util ............... SKIPPED
[INFO] Apache HBase - Shaded - Testing Util Tester ........ SKIPPED
[INFO] Apache HBase Shaded Packaging Invariants ........... SKIPPED
[INFO] Apache HBase Shaded Packaging Invariants (with Hadoop bundled) SKIPPED
[INFO] Apache HBase - Archetypes .......................... SKIPPED
[INFO] Apache HBase - Exemplar for hbase-client archetype . SKIPPED
[INFO] Apache HBase - Exemplar for hbase-shaded-client archetype SKIPPED
[INFO] Apache HBase - Archetype builder ................... SKIPPED
[INFO] ------------------------------------------------------------------------
[INFO] BUILD FAILURE
[INFO] ------------------------------------------------------------------------
[INFO] Total time:  03:22 min
[INFO] Finished at: 2021-09-21T13:16:54+02:00
[INFO] ------------------------------------------------------------------------
[ERROR] Failed to execute goal org.apache.maven.plugins:maven-surefire-plugin:3.0.0-M4:test (default-test) on project hbase-common: There are test failures.
[ERROR] 
[ERROR] Please refer to /Users/dorahorvath/Projects/apache-hbase/hbase/hbase-common/target/surefire-reports for the individual test results.
[ERROR] Please refer to dump files (if any exist) [date].dump, [date]-jvmRun[N].dump and [date].dumpstream.
[ERROR] -> [Help 1]
[ERROR] 
[ERROR] To see the full stack trace of the errors, re-run Maven with the -e switch.
[ERROR] Re-run Maven using the -X switch to enable full debug logging.
[ERROR] 
[ERROR] For more information about the errors and possible solutions, please read the following articles:
[ERROR] [Help 1] http://cwiki.apache.org/confluence/display/MAVEN/MojoFailureException
[ERROR] 
[ERROR] After correcting the problems, you can resume the build with the command
[ERROR]   mvn <args> -rf :hbase-common
